This is pdfTeX, Version 3.14159265-2.6-1.40.20 (TeX Live 2019) (preloaded format=pdflatex 2020.3.17)  24 JUN 2020 11:00
entering extended mode
 restricted \write18 enabled.
 %&-line parsing enabled.
**main.tex
(./main.tex
LaTeX2e <2018-12-01>
(./hust.cls (/usr/local/texlive/2019/texmf-dist/tex/latex/base/report.cls
Document Class: report 2018/09/03 v1.4i Standard LaTeX document class
(/usr/local/texlive/2019/texmf-dist/tex/latex/base/size12.clo
File: size12.clo 2018/09/03 v1.4i Standard LaTeX file (size option)
)
\c@part=\count80
\c@chapter=\count81
\c@section=\count82
\c@subsection=\count83
\c@subsubsection=\count84
\c@paragraph=\count85
\c@subparagraph=\count86
\c@figure=\count87
\c@table=\count88
\abovecaptionskip=\skip41
\belowcaptionskip=\skip42
\bibindent=\dimen102
)
(/usr/local/texlive/2019/texmf-dist/tex/latex/base/inputenc.sty
Package: inputenc 2018/08/11 v1.3c Input encoding file
\inpenc@prehook=\toks14
\inpenc@posthook=\toks15
)
(/usr/local/texlive/2019/texmf-dist/tex/latex/acronym/acronym.sty
Package: acronym 2015/03/21 v1.41 Support for acronyms (Tobias Oetiker)

(/usr/local/texlive/2019/texmf-dist/tex/latex/bigfoot/suffix.sty
Package: suffix 2006/07/15 1.5a Variant command support
)
(/usr/local/texlive/2019/texmf-dist/tex/generic/xstring/xstring.sty
(/usr/local/texlive/2019/texmf-dist/tex/generic/xstring/xstring.tex
\integerpart=\count89
\decimalpart=\count90
)
Package: xstring 2019/02/06 v1.83 String manipulations (CT)
)
\AC@clearlist=\toks16
)
(/usr/local/texlive/2019/texmf-dist/tex/latex/fancybox/fancybox.sty
Package: fancybox 2010/05/15 1.4

Style option: `fancybox' v1.4 <2010/05/15> (tvz)
\@fancybox=\box27
\shadowsize=\dimen103
\@Sbox=\box28
\do@VerbBox=\toks17
\the@fancyput=\toks18
\this@fancyput=\toks19
\EndVerbatimTokens=\toks20
\Verbatim@Outfile=\write3
\Verbatim@Infile=\read1
) (/usr/local/texlive/2019/texmf-dist/tex/latex/fancyhdr/fancyhdr.sty
Package: fancyhdr 2019/01/31 v3.10 Extensive control of page headers and footer
s
\f@nch@headwidth=\skip43
\f@nch@O@elh=\skip44
\f@nch@O@erh=\skip45
\f@nch@O@olh=\skip46
\f@nch@O@orh=\skip47
\f@nch@O@elf=\skip48
\f@nch@O@erf=\skip49
\f@nch@O@olf=\skip50
\f@nch@O@orf=\skip51
)
(/usr/local/texlive/2019/texmf-dist/tex/latex/graphics/lscape.sty
Package: lscape 2000/10/22 v3.01 Landscape Pages (DPC)

(/usr/local/texlive/2019/texmf-dist/tex/latex/graphics/graphics.sty
Package: graphics 2017/06/25 v1.2c Standard LaTeX Graphics (DPC,SPQR)

(/usr/local/texlive/2019/texmf-dist/tex/latex/graphics/trig.sty
Package: trig 2016/01/03 v1.10 sin cos tan (DPC)
)
(/usr/local/texlive/2019/texmf-dist/tex/latex/graphics-cfg/graphics.cfg
File: graphics.cfg 2016/06/04 v1.11 sample graphics configuration
)
Package graphics Info: Driver file: pdftex.def on input line 99.

(/usr/local/texlive/2019/texmf-dist/tex/latex/graphics-def/pdftex.def
File: pdftex.def 2018/01/08 v1.0l Graphics/color driver for pdftex
)))
(/usr/local/texlive/2019/texmf-dist/tex/latex/tools/array.sty
Package: array 2018/12/30 v2.4k Tabular extension package (FMi)
\col@sep=\dimen104
\ar@mcellbox=\box29
\extrarowheight=\dimen105
\NC@list=\toks21
\extratabsurround=\skip52
\backup@length=\skip53
\ar@cellbox=\box30
)
(/usr/local/texlive/2019/texmf-dist/tex/latex/setspace/setspace.sty
Package: setspace 2011/12/19 v6.7a set line spacing
)
(/usr/local/texlive/2019/texmf-dist/tex/latex/amscls/amsthm.sty
Package: amsthm 2017/10/31 v2.20.4
\thm@style=\toks22
\thm@bodyfont=\toks23
\thm@headfont=\toks24
\thm@notefont=\toks25
\thm@headpunct=\toks26
\thm@preskip=\skip54
\thm@postskip=\skip55
\thm@headsep=\skip56
\dth@everypar=\toks27
)
(/usr/local/texlive/2019/texmf-dist/tex/latex/amsfonts/amssymb.sty
Package: amssymb 2013/01/14 v3.01 AMS font symbols

(/usr/local/texlive/2019/texmf-dist/tex/latex/amsfonts/amsfonts.sty
Package: amsfonts 2013/01/14 v3.01 Basic AMSFonts support
\@emptytoks=\toks28
\symAMSa=\mathgroup4
\symAMSb=\mathgroup5
LaTeX Font Info:    Overwriting math alphabet `\mathfrak' in version `bold'
(Font)                  U/euf/m/n --> U/euf/b/n on input line 106.
))
(/usr/local/texlive/2019/texmf-dist/tex/latex/amsmath/amsmath.sty
Package: amsmath 2018/12/01 v2.17b AMS math features
\@mathmargin=\skip57

For additional information on amsmath, use the `?' option.
(/usr/local/texlive/2019/texmf-dist/tex/latex/amsmath/amstext.sty
Package: amstext 2000/06/29 v2.01 AMS text

(/usr/local/texlive/2019/texmf-dist/tex/latex/amsmath/amsgen.sty
File: amsgen.sty 1999/11/30 v2.0 generic functions
\@emptytoks=\toks29
\ex@=\dimen106
))
(/usr/local/texlive/2019/texmf-dist/tex/latex/amsmath/amsbsy.sty
Package: amsbsy 1999/11/29 v1.2d Bold Symbols
\pmbraise@=\dimen107
)
(/usr/local/texlive/2019/texmf-dist/tex/latex/amsmath/amsopn.sty
Package: amsopn 2016/03/08 v2.02 operator names
)
\inf@bad=\count91
LaTeX Info: Redefining \frac on input line 223.
\uproot@=\count92
\leftroot@=\count93
LaTeX Info: Redefining \overline on input line 385.
\classnum@=\count94
\DOTSCASE@=\count95
LaTeX Info: Redefining \ldots on input line 482.
LaTeX Info: Redefining \dots on input line 485.
LaTeX Info: Redefining \cdots on input line 606.
\Mathstrutbox@=\box31
\strutbox@=\box32
\big@size=\dimen108
LaTeX Font Info:    Redeclaring font encoding OML on input line 729.
LaTeX Font Info:    Redeclaring font encoding OMS on input line 730.
\macc@depth=\count96
\c@MaxMatrixCols=\count97
\dotsspace@=\muskip10
\c@parentequation=\count98
\dspbrk@lvl=\count99
\tag@help=\toks30
\row@=\count100
\column@=\count101
\maxfields@=\count102
\andhelp@=\toks31
\eqnshift@=\dimen109
\alignsep@=\dimen110
\tagshift@=\dimen111
\tagwidth@=\dimen112
\totwidth@=\dimen113
\lineht@=\dimen114
\@envbody=\toks32
\multlinegap=\skip58
\multlinetaggap=\skip59
\mathdisplay@stack=\toks33
LaTeX Info: Redefining \[ on input line 2844.
LaTeX Info: Redefining \] on input line 2845.
)
(/usr/local/texlive/2019/texmf-dist/tex/latex/lipsum/lipsum.sty
(/usr/local/texlive/2019/texmf-dist/tex/latex/l3kernel/expl3.sty
Package: expl3 2019-05-07 L3 programming layer (loader) 

(/usr/local/texlive/2019/texmf-dist/tex/latex/l3kernel/expl3-code.tex
Package: expl3 2019-05-07 L3 programming layer (code)
\c_max_int=\count103
\l_tmpa_int=\count104
\l_tmpb_int=\count105
\g_tmpa_int=\count106
\g_tmpb_int=\count107
\g__kernel_prg_map_int=\count108
\c__ior_term_ior=\count109
\c_log_iow=\count110
\l_iow_line_count_int=\count111
\l__iow_line_target_int=\count112
\l__iow_one_indent_int=\count113
\l__iow_indent_int=\count114
\c_zero_dim=\dimen115
\c_max_dim=\dimen116
\l_tmpa_dim=\dimen117
\l_tmpb_dim=\dimen118
\g_tmpa_dim=\dimen119
\g_tmpb_dim=\dimen120
\c_zero_skip=\skip60
\c_max_skip=\skip61
\l_tmpa_skip=\skip62
\l_tmpb_skip=\skip63
\g_tmpa_skip=\skip64
\g_tmpb_skip=\skip65
\c_zero_muskip=\muskip11
\c_max_muskip=\muskip12
\l_tmpa_muskip=\muskip13
\l_tmpb_muskip=\muskip14
\g_tmpa_muskip=\muskip15
\g_tmpb_muskip=\muskip16
\l_keys_choice_int=\count115
\l__intarray_loop_int=\count116
\c__intarray_sp_dim=\dimen121
\g__intarray_font_int=\count117
\c__fp_leading_shift_int=\count118
\c__fp_middle_shift_int=\count119
\c__fp_trailing_shift_int=\count120
\c__fp_big_leading_shift_int=\count121
\c__fp_big_middle_shift_int=\count122
\c__fp_big_trailing_shift_int=\count123
\c__fp_Bigg_leading_shift_int=\count124
\c__fp_Bigg_middle_shift_int=\count125
\c__fp_Bigg_trailing_shift_int=\count126
\c__kernel_randint_max_int=\count127
\g__fp_array_int=\count128
\l__fp_array_loop_int=\count129
\l__sort_length_int=\count130
\l__sort_min_int=\count131
\l__sort_top_int=\count132
\l__sort_max_int=\count133
\l__sort_true_max_int=\count134
\l__sort_block_int=\count135
\l__sort_begin_int=\count136
\l__sort_end_int=\count137
\l__sort_A_int=\count138
\l__sort_B_int=\count139
\l__sort_C_int=\count140
\l__tl_analysis_normal_int=\count141
\l__tl_analysis_index_int=\count142
\l__tl_analysis_nesting_int=\count143
\l__tl_analysis_type_int=\count144
\l__regex_internal_a_int=\count145
\l__regex_internal_b_int=\count146
\l__regex_internal_c_int=\count147
\l__regex_balance_int=\count148
\l__regex_group_level_int=\count149
\l__regex_mode_int=\count150
\c__regex_cs_in_class_mode_int=\count151
\c__regex_cs_mode_int=\count152
\l__regex_catcodes_int=\count153
\l__regex_default_catcodes_int=\count154
\c__regex_catcode_D_int=\count155
\c__regex_catcode_S_int=\count156
\c__regex_catcode_L_int=\count157
\c__regex_catcode_O_int=\count158
\c__regex_catcode_A_int=\count159
\c__regex_all_catcodes_int=\count160
\l__regex_show_lines_int=\count161
\l__regex_min_state_int=\count162
\l__regex_max_state_int=\count163
\l__regex_left_state_int=\count164
\l__regex_right_state_int=\count165
\l__regex_capturing_group_int=\count166
\l__regex_min_pos_int=\count167
\l__regex_max_pos_int=\count168
\l__regex_curr_pos_int=\count169
\l__regex_start_pos_int=\count170
\l__regex_success_pos_int=\count171
\l__regex_curr_char_int=\count172
\l__regex_curr_catcode_int=\count173
\l__regex_last_char_int=\count174
\l__regex_case_changed_char_int=\count175
\l__regex_curr_state_int=\count176
\l__regex_step_int=\count177
\l__regex_min_active_int=\count178
\l__regex_max_active_int=\count179
\l__regex_replacement_csnames_int=\count180
\l__regex_match_count_int=\count181
\l__regex_min_submatch_int=\count182
\l__regex_submatch_int=\count183
\l__regex_zeroth_submatch_int=\count184
\g__regex_trace_regex_int=\count185
\c_empty_box=\box33
\l_tmpa_box=\box34
\l_tmpb_box=\box35
\g_tmpa_box=\box36
\g_tmpb_box=\box37
\l__box_top_dim=\dimen122
\l__box_bottom_dim=\dimen123
\l__box_left_dim=\dimen124
\l__box_right_dim=\dimen125
\l__box_top_new_dim=\dimen126
\l__box_bottom_new_dim=\dimen127
\l__box_left_new_dim=\dimen128
\l__box_right_new_dim=\dimen129
\l__box_internal_box=\box38
\l__coffin_internal_box=\box39
\l__coffin_internal_dim=\dimen130
\l__coffin_offset_x_dim=\dimen131
\l__coffin_offset_y_dim=\dimen132
\l__coffin_x_dim=\dimen133
\l__coffin_y_dim=\dimen134
\l__coffin_x_prime_dim=\dimen135
\l__coffin_y_prime_dim=\dimen136
\c_empty_coffin=\box40
\l__coffin_aligned_coffin=\box41
\l__coffin_aligned_internal_coffin=\box42
\l_tmpa_coffin=\box43
\l_tmpb_coffin=\box44
\g_tmpa_coffin=\box45
\g_tmpb_coffin=\box46
\l__coffin_bounding_shift_dim=\dimen137
\l__coffin_left_corner_dim=\dimen138
\l__coffin_right_corner_dim=\dimen139
\l__coffin_bottom_corner_dim=\dimen140
\l__coffin_top_corner_dim=\dimen141
\l__coffin_scaled_total_height_dim=\dimen142
\l__coffin_scaled_width_dim=\dimen143
\c__coffin_empty_coffin=\box47
\l__coffin_display_coffin=\box48
\l__coffin_display_coord_coffin=\box49
\l__coffin_display_pole_coffin=\box50
\l__coffin_display_offset_dim=\dimen144
\l__coffin_display_x_dim=\dimen145
\l__coffin_display_y_dim=\dimen146
\g__file_internal_ior=\read2
\l__seq_internal_a_int=\count186
\l__seq_internal_b_int=\count187
\c__deprecation_minus_one=\count188
)
(/usr/local/texlive/2019/texmf-dist/tex/latex/l3kernel/l3pdfmode.def
File: l3pdfmode.def 2019-04-06 v L3 Experimental driver: PDF mode
\l__driver_color_stack_int=\count189
\l__driver_pdf_tmp_box=\box51
))
(/usr/local/texlive/2019/texmf-dist/tex/latex/l3packages/xparse/xparse.sty
Package: xparse 2019-05-03 L3 Experimental document command parser
\l__xparse_current_arg_int=\count190
\g__xparse_grabber_int=\count191
\l__xparse_m_args_int=\count192
\l__xparse_v_nesting_int=\count193
)
Package: lipsum 2019/01/02 v2.2 150 paragraphs of Lorem Ipsum dummy text

(/usr/local/texlive/2019/texmf-dist/tex/latex/lipsum/lipsum.ltd.tex
File: lipsum.ltd.tex 2019/01/02 v2.2 The Lorem ipsum dummy text
))
(/usr/local/texlive/2019/texmf-dist/tex/latex/tools/multicol.sty
Package: multicol 2018/12/27 v1.8v multicolumn formatting (FMi)
\c@tracingmulticols=\count194
\mult@box=\box52
\multicol@leftmargin=\dimen147
\c@unbalance=\count195
\c@collectmore=\count196
\doublecol@number=\count197
\multicoltolerance=\count198
\multicolpretolerance=\count199
\full@width=\dimen148
\page@free=\dimen149
\premulticols=\dimen150
\postmulticols=\dimen151
\multicolsep=\skip66
\multicolbaselineskip=\skip67
\partial@page=\box53
\last@line=\box54
\maxbalancingoverflow=\dimen152
\mult@rightbox=\box55
\mult@grightbox=\box56
\mult@gfirstbox=\box57
\mult@firstbox=\box58
\@tempa=\box59
\@tempa=\box60
\@tempa=\box61
\@tempa=\box62
\@tempa=\box63
\@tempa=\box64
\@tempa=\box65
\@tempa=\box66
\@tempa=\box67
\@tempa=\box68
\@tempa=\box69
\@tempa=\box70
\@tempa=\box71
\@tempa=\box72
\@tempa=\box73
\@tempa=\box74
\@tempa=\box75
\c@columnbadness=\count266
\c@finalcolumnbadness=\count267
\last@try=\dimen153
\multicolovershoot=\dimen154
\multicolundershoot=\dimen155
\mult@nat@firstbox=\box76
\colbreak@box=\box77
\mc@col@check@num=\count268
)
(/usr/local/texlive/2019/texmf-dist/tex/latex/multirow/multirow.sty
Package: multirow 2019/01/01 v2.4 Span multiple rows of a table
\multirow@colwidth=\skip68
\multirow@cntb=\count269
\multirow@dima=\skip69
\bigstrutjot=\dimen156
)
(/usr/local/texlive/2019/texmf-dist/tex/latex/tools/indentfirst.sty
Package: indentfirst 1995/11/23 v1.03 Indent first paragraph (DPC)
)
(/usr/local/texlive/2019/texmf-dist/tex/latex/graphics/graphicx.sty
Package: graphicx 2017/06/01 v1.1a Enhanced LaTeX Graphics (DPC,SPQR)

(/usr/local/texlive/2019/texmf-dist/tex/latex/graphics/keyval.sty
Package: keyval 2014/10/28 v1.15 key=value parser (DPC)
\KV@toks@=\toks34
)
\Gin@req@height=\dimen157
\Gin@req@width=\dimen158
)
(/usr/local/texlive/2019/texmf-dist/tex/latex/algorithms/algorithm.sty
Package: algorithm 2009/08/24 v0.1 Document Style `algorithm' - floating enviro
nment

(/usr/local/texlive/2019/texmf-dist/tex/latex/float/float.sty
Package: float 2001/11/08 v1.3d Float enhancements (AL)
\c@float@type=\count270
\float@exts=\toks35
\float@box=\box78
\@float@everytoks=\toks36
\@floatcapt=\box79
)
(/usr/local/texlive/2019/texmf-dist/tex/latex/base/ifthen.sty
Package: ifthen 2014/09/29 v1.1c Standard LaTeX ifthen package (DPC)
)
\@float@every@algorithm=\toks37
\c@algorithm=\count271
)
(/usr/local/texlive/2019/texmf-dist/tex/latex/algorithmicx/algpseudocode.sty
Package: algpseudocode 

(/usr/local/texlive/2019/texmf-dist/tex/latex/algorithmicx/algorithmicx.sty
Package: algorithmicx 2005/04/27 v1.2 Algorithmicx

Document Style algorithmicx 1.2 - a greatly improved `algorithmic' style
\c@ALG@line=\count272
\c@ALG@rem=\count273
\c@ALG@nested=\count274
\ALG@tlm=\skip70
\ALG@thistlm=\skip71
\c@ALG@Lnr=\count275
\c@ALG@blocknr=\count276
\c@ALG@storecount=\count277
\c@ALG@tmpcounter=\count278
\ALG@tmplength=\skip72
)
Document Style - pseudocode environments for use with the `algorithmicx' style
)) (/usr/local/texlive/2019/texmf-dist/tex/latex/vntex/vietnam.sty
Package: vietnam 2009/07/12 v1.3 support for Vietnamese

(/usr/local/texlive/2019/texmf-dist/tex/latex/base/fontenc.sty
Package: fontenc 2018/08/11 v2.0j Standard LaTeX package

(/usr/local/texlive/2019/texmf-dist/tex/latex/vntex/t5enc.def
File: t5enc.def 2006/11/21 v1.4 Vietnamese T5 encoding
Now handling font encoding T5 ...
... processing UTF-8 mapping file for font encoding T5

(/usr/local/texlive/2019/texmf-dist/tex/latex/vntex/t5enc.dfu
File: t5enc.dfu 2006/08/19 v1.1 UTF8 support for Vietnamese
   defining Unicode char U+00AB (decimal 171)
   defining Unicode char U+00BB (decimal 187)
   defining Unicode char U+00C0 (decimal 192)
   defining Unicode char U+00C1 (decimal 193)
   defining Unicode char U+00C2 (decimal 194)
   defining Unicode char U+00C3 (decimal 195)
   defining Unicode char U+00C8 (decimal 200)
   defining Unicode char U+00C9 (decimal 201)
   defining Unicode char U+00CA (decimal 202)
   defining Unicode char U+00CC (decimal 204)
   defining Unicode char U+00CD (decimal 205)
   defining Unicode char U+00D2 (decimal 210)
   defining Unicode char U+00D3 (decimal 211)
   defining Unicode char U+00D4 (decimal 212)
   defining Unicode char U+00D5 (decimal 213)
   defining Unicode char U+00D9 (decimal 217)
   defining Unicode char U+00DA (decimal 218)
   defining Unicode char U+00DD (decimal 221)
   defining Unicode char U+00E0 (decimal 224)
   defining Unicode char U+00E1 (decimal 225)
   defining Unicode char U+00E2 (decimal 226)
   defining Unicode char U+00E3 (decimal 227)
   defining Unicode char U+00E8 (decimal 232)
   defining Unicode char U+00E9 (decimal 233)
   defining Unicode char U+00EA (decimal 234)
   defining Unicode char U+00EC (decimal 236)
   defining Unicode char U+00ED (decimal 237)
   defining Unicode char U+00F2 (decimal 242)
   defining Unicode char U+00F3 (decimal 243)
   defining Unicode char U+00F4 (decimal 244)
   defining Unicode char U+00F5 (decimal 245)
   defining Unicode char U+00F9 (decimal 249)
   defining Unicode char U+00FA (decimal 250)
   defining Unicode char U+00FD (decimal 253)
   defining Unicode char U+0102 (decimal 258)
   defining Unicode char U+0103 (decimal 259)
   defining Unicode char U+0110 (decimal 272)
   defining Unicode char U+0111 (decimal 273)
   defining Unicode char U+0128 (decimal 296)
   defining Unicode char U+0129 (decimal 297)
   defining Unicode char U+0131 (decimal 305)
   defining Unicode char U+0168 (decimal 360)
   defining Unicode char U+0169 (decimal 361)
   defining Unicode char U+01A0 (decimal 416)
   defining Unicode char U+01A1 (decimal 417)
   defining Unicode char U+01AF (decimal 431)
   defining Unicode char U+01B0 (decimal 432)
   defining Unicode char U+1EA0 (decimal 7840)
   defining Unicode char U+1EA1 (decimal 7841)
   defining Unicode char U+1EA2 (decimal 7842)
   defining Unicode char U+1EA3 (decimal 7843)
   defining Unicode char U+1EA4 (decimal 7844)
   defining Unicode char U+1EA5 (decimal 7845)
   defining Unicode char U+1EA6 (decimal 7846)
   defining Unicode char U+1EA7 (decimal 7847)
   defining Unicode char U+1EA8 (decimal 7848)
   defining Unicode char U+1EA9 (decimal 7849)
   defining Unicode char U+1EAA (decimal 7850)
   defining Unicode char U+1EAB (decimal 7851)
   defining Unicode char U+1EAC (decimal 7852)
   defining Unicode char U+1EAD (decimal 7853)
   defining Unicode char U+1EAE (decimal 7854)
   defining Unicode char U+1EAF (decimal 7855)
   defining Unicode char U+1EB0 (decimal 7856)
   defining Unicode char U+1EB1 (decimal 7857)
   defining Unicode char U+1EB2 (decimal 7858)
   defining Unicode char U+1EB3 (decimal 7859)
   defining Unicode char U+1EB4 (decimal 7860)
   defining Unicode char U+1EB5 (decimal 7861)
   defining Unicode char U+1EB6 (decimal 7862)
   defining Unicode char U+1EB7 (decimal 7863)
   defining Unicode char U+1EB8 (decimal 7864)
   defining Unicode char U+1EB9 (decimal 7865)
   defining Unicode char U+1EBA (decimal 7866)
   defining Unicode char U+1EBB (decimal 7867)
   defining Unicode char U+1EBC (decimal 7868)
   defining Unicode char U+1EBD (decimal 7869)
   defining Unicode char U+1EBE (decimal 7870)
   defining Unicode char U+1EBF (decimal 7871)
   defining Unicode char U+1EC0 (decimal 7872)
   defining Unicode char U+1EC1 (decimal 7873)
   defining Unicode char U+1EC2 (decimal 7874)
   defining Unicode char U+1EC3 (decimal 7875)
   defining Unicode char U+1EC4 (decimal 7876)
   defining Unicode char U+1EC5 (decimal 7877)
   defining Unicode char U+1EC6 (decimal 7878)
   defining Unicode char U+1EC7 (decimal 7879)
   defining Unicode char U+1EC8 (decimal 7880)
   defining Unicode char U+1EC9 (decimal 7881)
   defining Unicode char U+1ECA (decimal 7882)
   defining Unicode char U+1ECB (decimal 7883)
   defining Unicode char U+1ECC (decimal 7884)
   defining Unicode char U+1ECD (decimal 7885)
   defining Unicode char U+1ECE (decimal 7886)
   defining Unicode char U+1ECF (decimal 7887)
   defining Unicode char U+1ED0 (decimal 7888)
   defining Unicode char U+1ED1 (decimal 7889)
   defining Unicode char U+1ED2 (decimal 7890)
   defining Unicode char U+1ED3 (decimal 7891)
   defining Unicode char U+1ED4 (decimal 7892)
   defining Unicode char U+1ED5 (decimal 7893)
   defining Unicode char U+1ED6 (decimal 7894)
   defining Unicode char U+1ED7 (decimal 7895)
   defining Unicode char U+1ED8 (decimal 7896)
   defining Unicode char U+1ED9 (decimal 7897)
   defining Unicode char U+1EDA (decimal 7898)
   defining Unicode char U+1EDB (decimal 7899)
   defining Unicode char U+1EDC (decimal 7900)
   defining Unicode char U+1EDD (decimal 7901)
   defining Unicode char U+1EDE (decimal 7902)
   defining Unicode char U+1EDF (decimal 7903)
   defining Unicode char U+1EE0 (decimal 7904)
   defining Unicode char U+1EE1 (decimal 7905)
   defining Unicode char U+1EE2 (decimal 7906)
   defining Unicode char U+1EE3 (decimal 7907)
   defining Unicode char U+1EE4 (decimal 7908)
   defining Unicode char U+1EE5 (decimal 7909)
   defining Unicode char U+1EE6 (decimal 7910)
   defining Unicode char U+1EE7 (decimal 7911)
   defining Unicode char U+1EE8 (decimal 7912)
   defining Unicode char U+1EE9 (decimal 7913)
   defining Unicode char U+1EEA (decimal 7914)
   defining Unicode char U+1EEB (decimal 7915)
   defining Unicode char U+1EEC (decimal 7916)
   defining Unicode char U+1EED (decimal 7917)
   defining Unicode char U+1EEE (decimal 7918)
   defining Unicode char U+1EEF (decimal 7919)
   defining Unicode char U+1EF0 (decimal 7920)
   defining Unicode char U+1EF1 (decimal 7921)
   defining Unicode char U+1EF2 (decimal 7922)
   defining Unicode char U+1EF3 (decimal 7923)
   defining Unicode char U+1EF4 (decimal 7924)
   defining Unicode char U+1EF5 (decimal 7925)
   defining Unicode char U+1EF6 (decimal 7926)
   defining Unicode char U+1EF7 (decimal 7927)
   defining Unicode char U+1EF8 (decimal 7928)
   defining Unicode char U+1EF9 (decimal 7929)
   defining Unicode char U+200C (decimal 8204)
   defining Unicode char U+2013 (decimal 8211)
   defining Unicode char U+2014 (decimal 8212)
   defining Unicode char U+2018 (decimal 8216)
   defining Unicode char U+2019 (decimal 8217)
   defining Unicode char U+201A (decimal 8218)
   defining Unicode char U+201C (decimal 8220)
   defining Unicode char U+201D (decimal 8221)
   defining Unicode char U+201E (decimal 8222)
   defining Unicode char U+2030 (decimal 8240)
   defining Unicode char U+2031 (decimal 8241)
   defining Unicode char U+2039 (decimal 8249)
   defining Unicode char U+203A (decimal 8250)
   defining Unicode char U+2423 (decimal 9251)
))
LaTeX Font Info:    Try loading font information for T5+cmr on input line 105.

(/usr/local/texlive/2019/texmf-dist/tex/latex/vntex/t5cmr.fd
File: t5cmr.fd 1999/05/25 v2.5h Standard LaTeX font definitions
))
(/usr/local/texlive/2019/texmf-dist/tex/latex/vntex/vncaps.tex
File: vncaps.tex 2006/06/07 v1.1 Captions in Vietnamese
))
(/usr/local/texlive/2019/texmf-dist/tex/latex/chngcntr/chngcntr.sty
Package: chngcntr 2018/04/09 v1.1a change counter resetting
Package chngcntr Info: \counterwithout already defined.
(chngcntr)             Quitting chngcntr on input line 21.
)
(/usr/local/texlive/2019/texmf-dist/tex/latex/psnfss/mathptmx.sty
Package: mathptmx 2005/04/12 PSNFSS-v9.2a Times w/ Math, improved (SPQR, WaS) 
LaTeX Font Info:    Redeclaring symbol font `operators' on input line 28.
LaTeX Font Info:    Overwriting symbol font `operators' in version `normal'
(Font)                  OT1/cmr/m/n --> OT1/ztmcm/m/n on input line 28.
LaTeX Font Info:    Overwriting symbol font `operators' in version `bold'
(Font)                  OT1/cmr/bx/n --> OT1/ztmcm/m/n on input line 28.
LaTeX Font Info:    Redeclaring symbol font `letters' on input line 29.
LaTeX Font Info:    Overwriting symbol font `letters' in version `normal'
(Font)                  OML/cmm/m/it --> OML/ztmcm/m/it on input line 29.
LaTeX Font Info:    Overwriting symbol font `letters' in version `bold'
(Font)                  OML/cmm/b/it --> OML/ztmcm/m/it on input line 29.
LaTeX Font Info:    Redeclaring symbol font `symbols' on input line 30.
LaTeX Font Info:    Overwriting symbol font `symbols' in version `normal'
(Font)                  OMS/cmsy/m/n --> OMS/ztmcm/m/n on input line 30.
LaTeX Font Info:    Overwriting symbol font `symbols' in version `bold'
(Font)                  OMS/cmsy/b/n --> OMS/ztmcm/m/n on input line 30.
LaTeX Font Info:    Redeclaring symbol font `largesymbols' on input line 31.
LaTeX Font Info:    Overwriting symbol font `largesymbols' in version `normal'
(Font)                  OMX/cmex/m/n --> OMX/ztmcm/m/n on input line 31.
LaTeX Font Info:    Overwriting symbol font `largesymbols' in version `bold'
(Font)                  OMX/cmex/m/n --> OMX/ztmcm/m/n on input line 31.
\symbold=\mathgroup6
\symitalic=\mathgroup7
LaTeX Font Info:    Redeclaring math alphabet \mathbf on input line 34.
LaTeX Font Info:    Overwriting math alphabet `\mathbf' in version `normal'
(Font)                  OT1/cmr/bx/n --> OT1/ptm/bx/n on input line 34.
LaTeX Font Info:    Overwriting math alphabet `\mathbf' in version `bold'
(Font)                  OT1/cmr/bx/n --> OT1/ptm/bx/n on input line 34.
LaTeX Font Info:    Redeclaring math alphabet \mathit on input line 35.
LaTeX Font Info:    Overwriting math alphabet `\mathit' in version `normal'
(Font)                  OT1/cmr/m/it --> OT1/ptm/m/it on input line 35.
LaTeX Font Info:    Overwriting math alphabet `\mathit' in version `bold'
(Font)                  OT1/cmr/bx/it --> OT1/ptm/m/it on input line 35.
LaTeX Info: Redefining \hbar on input line 50.
)
(/usr/local/texlive/2019/texmf-dist/tex/latex/glossaries/base/glossaries.sty
Package: glossaries 2019/01/06 v4.42 (NLCT)

(/usr/local/texlive/2019/texmf-dist/tex/latex/xkeyval/xkeyval.sty
Package: xkeyval 2014/12/03 v2.7a package option processing (HA)

(/usr/local/texlive/2019/texmf-dist/tex/generic/xkeyval/xkeyval.tex
(/usr/local/texlive/2019/texmf-dist/tex/generic/xkeyval/xkvutils.tex
\XKV@toks=\toks38
\XKV@tempa@toks=\toks39
)
\XKV@depth=\count279
File: xkeyval.tex 2014/12/03 v2.7a key=value parser (HA)
))
(/usr/local/texlive/2019/texmf-dist/tex/latex/mfirstuc/mfirstuc.sty
Package: mfirstuc 2017/11/14 v2.06 (NLCT)

(/usr/local/texlive/2019/texmf-dist/tex/latex/etoolbox/etoolbox.sty
Package: etoolbox 2018/08/19 v2.5f e-TeX tools for LaTeX (JAW)
\etb@tempcnta=\count280
)
\@glsmfirst=\toks40
\@glsmrest=\toks41
)
(/usr/local/texlive/2019/texmf-dist/tex/latex/textcase/textcase.sty
Package: textcase 2004/10/07 v0.07 Text only upper/lower case changing (DPC)
)
(/usr/local/texlive/2019/texmf-dist/tex/latex/xfor/xfor.sty
Package: xfor 2009/02/05 v1.05 (NLCT)
)
(/usr/local/texlive/2019/texmf-dist/tex/latex/datatool/datatool-base.sty
Package: datatool-base 2018/12/07 v2.31 (NLCT)

(/usr/local/texlive/2019/texmf-dist/tex/latex/substr/substr.sty
Package: substr 2009/10/20 v1.2 Handle substrings
\c@su@anzahl=\count281
)
(/usr/local/texlive/2019/texmf-dist/tex/latex/datatool/datatool-fp.sty
Package: datatool-fp 2018/12/07 v2.31 (NLCT)

(/usr/local/texlive/2019/texmf-dist/tex/latex/fp/fp.sty
Package: fp 1995/04/02

`Fixed Point Package', Version 0.8, April 2, 1995 (C) Michael Mehlich
(/usr/local/texlive/2019/texmf-dist/tex/latex/fp/defpattern.sty
Package: defpattern 1994/10/12
\actioncount=\count282
)
(/usr/local/texlive/2019/texmf-dist/tex/latex/fp/fp-basic.sty
Package: fp-basic 1996/05/13
\FP@xs=\count283
\FP@xia=\count284
\FP@xib=\count285
\FP@xfa=\count286
\FP@xfb=\count287
\FP@rega=\count288
\FP@regb=\count289
\FP@regs=\count290
\FP@times=\count291
)
(/usr/local/texlive/2019/texmf-dist/tex/latex/fp/fp-addons.sty
Package: fp-addons 1995/03/15
)
(/usr/local/texlive/2019/texmf-dist/tex/latex/fp/fp-snap.sty
Package: fp-snap 1995/04/05
)
(/usr/local/texlive/2019/texmf-dist/tex/latex/fp/fp-exp.sty
Package: fp-exp 1995/04/03
)
(/usr/local/texlive/2019/texmf-dist/tex/latex/fp/fp-trigo.sty
Package: fp-trigo 1995/04/14
)
(/usr/local/texlive/2019/texmf-dist/tex/latex/fp/fp-pas.sty
Package: fp-pas 1994/08/29
)
(/usr/local/texlive/2019/texmf-dist/tex/latex/fp/fp-random.sty
Package: fp-random 1995/02/23
\FPseed=\count292
)
(/usr/local/texlive/2019/texmf-dist/tex/latex/fp/fp-eqn.sty
Package: fp-eqn 1995/04/03
)
(/usr/local/texlive/2019/texmf-dist/tex/latex/fp/fp-upn.sty
Package: fp-upn 1996/10/21
)
(/usr/local/texlive/2019/texmf-dist/tex/latex/fp/fp-eval.sty
Package: fp-eval 1995/04/03
)))
\@dtl@toks=\toks42
\@dtl@tmpcount=\count293
\dtl@tmplength=\skip73
\dtl@sortresult=\count294
\@dtl@numgrpsepcount=\count295
\@dtl@datatype=\count296
\dtl@codeA=\count297
\dtl@codeB=\count298
\@dtl@foreach@level=\count299
)
(/usr/local/texlive/2019/texmf-dist/tex/latex/glossaries/base/glossaries-compat
ible-307.sty
Package: glossaries-compatible-307 2019/01/06 v4.42 (NLCT)
)
\gls@level=\count300
\@gls@tmpb=\toks43
\gls@tmplen=\skip74
\glskeylisttok=\toks44
\glslabeltok=\toks45
\glsshorttok=\toks46
\glslongtok=\toks47

(/usr/local/texlive/2019/texmf-dist/tex/latex/glossaries/styles/glossary-hypern
av.sty
Package: glossary-hypernav 2019/01/06 v4.42 (NLCT)
)
(/usr/local/texlive/2019/texmf-dist/tex/latex/glossaries/styles/glossary-list.s
ty
Package: glossary-list 2019/01/06 v4.42 (NLCT)
\glslistdottedwidth=\skip75
)
(/usr/local/texlive/2019/texmf-dist/tex/latex/glossaries/styles/glossary-long.s
ty
Package: glossary-long 2019/01/06 v4.42 (NLCT)
 (/usr/local/texlive/2019/texmf-dist/tex/latex/tools/longtable.sty
Package: longtable 2014/10/28 v4.11 Multi-page Table package (DPC)+ FMi change
\LTleft=\skip76
\LTright=\skip77
\LTpre=\skip78
\LTpost=\skip79
\LTchunksize=\count301
\LTcapwidth=\dimen159
\LT@head=\box80
\LT@firsthead=\box81
\LT@foot=\box82
\LT@lastfoot=\box83
\LT@cols=\count302
\LT@rows=\count303
\c@LT@tables=\count304
\c@LT@chunks=\count305
\LT@p@ftn=\toks48
)
\glsdescwidth=\skip80
\glspagelistwidth=\skip81
)
(/usr/local/texlive/2019/texmf-dist/tex/latex/glossaries/styles/glossary-super.
sty
Package: glossary-super 2019/01/06 v4.42 (NLCT)
 (/usr/local/texlive/2019/texmf-dist/tex/latex/supertabular/supertabular.sty
Package: supertabular 2004/02/20 v4.1e the supertabular environment
\c@tracingst=\count306
\ST@wd=\dimen160
\ST@rightskip=\skip82
\ST@leftskip=\skip83
\ST@parfillskip=\skip84
\ST@pageleft=\dimen161
\ST@headht=\dimen162
\ST@tailht=\dimen163
\ST@pagesofar=\dimen164
\ST@pboxht=\dimen165
\ST@lineht=\dimen166
\ST@stretchht=\dimen167
\ST@prevht=\dimen168
\ST@toadd=\dimen169
\ST@dimen=\dimen170
\ST@pbox=\box84
))
(/usr/local/texlive/2019/texmf-dist/tex/latex/glossaries/styles/glossary-tree.s
ty
Package: glossary-tree 2019/01/06 v4.42 (NLCT)
\glstreeindent=\skip85
)) (/usr/local/texlive/2019/texmf-dist/tex/latex/tools/tabularx.sty
Package: tabularx 2016/02/03 v2.11b `tabularx' package (DPC)
\TX@col@width=\dimen171
\TX@old@table=\dimen172
\TX@old@col=\dimen173
\TX@target=\dimen174
\TX@delta=\dimen175
\TX@cols=\count307
\TX@ftn=\toks49
)
(/usr/local/texlive/2019/texmf-dist/tex/latex/changepage/changepage.sty
Package: changepage 2009/10/20 v1.0c check page and change page layout
\c@cp@cntr=\count308
\cp@tempcnt=\count309
)
(/usr/local/texlive/2019/texmf-dist/tex/latex/caption/caption.sty
Package: caption 2018/10/06 v3.3-154 Customizing captions (AR)

(/usr/local/texlive/2019/texmf-dist/tex/latex/caption/caption3.sty
Package: caption3 2018/09/12 v1.8c caption3 kernel (AR)
Package caption3 Info: TeX engine: e-TeX on input line 64.
\captionmargin=\dimen176
\captionmargin@=\dimen177
\captionwidth=\dimen178
\caption@tempdima=\dimen179
\caption@indent=\dimen180
\caption@parindent=\dimen181
\caption@hangindent=\dimen182
)
\c@caption@flags=\count310
\c@ContinuedFloat=\count311
Package caption Info: float package is loaded.
Package caption Info: longtable package is loaded.

(/usr/local/texlive/2019/texmf-dist/tex/latex/caption/ltcaption.sty
Package: ltcaption 2018/08/26 v1.4-95 longtable captions (AR)
)
Package caption Info: supertabular package is loaded.
)
(/usr/local/texlive/2019/texmf-dist/tex/latex/geometry/geometry.sty
Package: geometry 2018/04/16 v5.8 Page Geometry

(/usr/local/texlive/2019/texmf-dist/tex/generic/oberdiek/ifpdf.sty
Package: ifpdf 2018/09/07 v3.3 Provides the ifpdf switch
)
(/usr/local/texlive/2019/texmf-dist/tex/generic/oberdiek/ifvtex.sty
Package: ifvtex 2016/05/16 v1.6 Detect VTeX and its facilities (HO)
Package ifvtex Info: VTeX not detected.
)
(/usr/local/texlive/2019/texmf-dist/tex/generic/ifxetex/ifxetex.sty
Package: ifxetex 2010/09/12 v0.6 Provides ifxetex conditional
)
\Gm@cnth=\count312
\Gm@cntv=\count313
\c@Gm@tempcnt=\count314
\Gm@bindingoffset=\dimen183
\Gm@wd@mp=\dimen184
\Gm@odd@mp=\dimen185
\Gm@even@mp=\dimen186
\Gm@layoutwidth=\dimen187
\Gm@layoutheight=\dimen188
\Gm@layouthoffset=\dimen189
\Gm@layoutvoffset=\dimen190
\Gm@dimlist=\toks50
)

Package Fancyhdr Warning: \fancyhead's `E' option without twoside option is use
less on input line 26.


Package Fancyhdr Warning: \fancyfoot's `E' option without twoside option is use
less on input line 27.

(./glossaries.tex) (./main.aux

LaTeX Warning: Label `euclid' multiply defined.


LaTeX Warning: Label `euclid' multiply defined.


LaTeX Warning: Label `euclid' multiply defined.

)
\openout1 = `main.aux'.

LaTeX Font Info:    Checking defaults for OML/cmm/m/it on input line 43.
LaTeX Font Info:    ... okay on input line 43.
LaTeX Font Info:    Checking defaults for T1/cmr/m/n on input line 43.
LaTeX Font Info:    ... okay on input line 43.
LaTeX Font Info:    Checking defaults for OT1/cmr/m/n on input line 43.
LaTeX Font Info:    ... okay on input line 43.
LaTeX Font Info:    Checking defaults for OMS/cmsy/m/n on input line 43.
LaTeX Font Info:    ... okay on input line 43.
LaTeX Font Info:    Checking defaults for OMX/cmex/m/n on input line 43.
LaTeX Font Info:    ... okay on input line 43.
LaTeX Font Info:    Checking defaults for U/cmr/m/n on input line 43.
LaTeX Font Info:    ... okay on input line 43.
LaTeX Font Info:    Checking defaults for T5/cmr/m/n on input line 43.
LaTeX Font Info:    ... okay on input line 43.
LaTeX Font Info:    Try loading font information for T5+ptm on input line 43.
 (/usr/local/texlive/2019/texmf-dist/tex/latex/vntex/t5ptm.fd
File: t5utm.fd 2005/08/24 Fontinst v1.929 font definitions for T5/ptm.
)
(/usr/local/texlive/2019/texmf-dist/tex/context/base/mkii/supp-pdf.mkii
[Loading MPS to PDF converter (version 2006.09.02).]
\scratchcounter=\count315
\scratchdimen=\dimen191
\scratchbox=\box85
\nofMPsegments=\count316
\nofMParguments=\count317
\everyMPshowfont=\toks51
\MPscratchCnt=\count318
\MPscratchDim=\dimen192
\MPnumerator=\count319
\makeMPintoPDFobject=\count320
\everyMPtoPDFconversion=\toks52
) (/usr/local/texlive/2019/texmf-dist/tex/latex/oberdiek/epstopdf-base.sty
Package: epstopdf-base 2016/05/15 v2.6 Base part for package epstopdf

(/usr/local/texlive/2019/texmf-dist/tex/generic/oberdiek/infwarerr.sty
Package: infwarerr 2016/05/16 v1.4 Providing info/warning/error messages (HO)
)
(/usr/local/texlive/2019/texmf-dist/tex/latex/oberdiek/grfext.sty
Package: grfext 2016/05/16 v1.2 Manage graphics extensions (HO)

(/usr/local/texlive/2019/texmf-dist/tex/generic/oberdiek/kvdefinekeys.sty
Package: kvdefinekeys 2016/05/16 v1.4 Define keys (HO)

(/usr/local/texlive/2019/texmf-dist/tex/generic/oberdiek/ltxcmds.sty
Package: ltxcmds 2016/05/16 v1.23 LaTeX kernel commands for general use (HO)
)))
(/usr/local/texlive/2019/texmf-dist/tex/latex/oberdiek/kvoptions.sty
Package: kvoptions 2016/05/16 v3.12 Key value format for package options (HO)

(/usr/local/texlive/2019/texmf-dist/tex/generic/oberdiek/kvsetkeys.sty
Package: kvsetkeys 2016/05/16 v1.17 Key value parser (HO)

(/usr/local/texlive/2019/texmf-dist/tex/generic/oberdiek/etexcmds.sty
Package: etexcmds 2016/05/16 v1.6 Avoid name clashes with e-TeX commands (HO)

(/usr/local/texlive/2019/texmf-dist/tex/generic/oberdiek/ifluatex.sty
Package: ifluatex 2016/05/16 v1.4 Provides the ifluatex switch (HO)
Package ifluatex Info: LuaTeX not detected.
))))
(/usr/local/texlive/2019/texmf-dist/tex/generic/oberdiek/pdftexcmds.sty
Package: pdftexcmds 2018/09/10 v0.29 Utility functions of pdfTeX for LuaTeX (HO
)
Package pdftexcmds Info: LuaTeX not detected.
Package pdftexcmds Info: \pdf@primitive is available.
Package pdftexcmds Info: \pdf@ifprimitive is available.
Package pdftexcmds Info: \pdfdraftmode found.
)
Package epstopdf-base Info: Redefining graphics rule for `.eps' on input line 4
38.
Package grfext Info: Graphics extension search list:
(grfext)             [.pdf,.png,.jpg,.mps,.jpeg,.jbig2,.jb2,.PDF,.PNG,.JPG,.JPE
G,.JBIG2,.JB2,.eps]
(grfext)             \AppendGraphicsExtensions on input line 456.

(/usr/local/texlive/2019/texmf-dist/tex/latex/latexconfig/epstopdf-sys.cfg
File: epstopdf-sys.cfg 2010/07/13 v1.3 Configuration of (r)epstopdf for TeX Liv
e
))
Package caption Info: Begin \AtBeginDocument code.
Package caption Info: End \AtBeginDocument code.

*geometry* driver: auto-detecting
*geometry* detected driver: pdftex
*geometry* verbose mode - [ preamble ] result:
* driver: pdftex
* paper: <default>
* layout: <same size as paper>
* layoutoffset:(h,v)=(0.0pt,0.0pt)
* modes: includehead includefoot heightrounded 
* h-part:(L,W,R)=(99.58464pt, 426.79135pt, 71.13188pt)
* v-part:(T,H,B)=(56.9055pt, 731.23584pt, 56.9055pt)
* \paperwidth=597.50787pt
* \paperheight=845.04684pt
* \textwidth=426.79135pt
* \textheight=664.5pt
* \oddsidemargin=27.31465pt
* \evensidemargin=27.31465pt
* \topmargin=-15.36449pt
* \headheight=17.0pt
* \headsep=25.0pt
* \topskip=12.0pt
* \footskip=30.0pt
* \marginparwidth=35.0pt
* \marginparsep=10.0pt
* \columnsep=10.0pt
* \skip\footins=10.8pt plus 4.0pt minus 2.0pt
* \hoffset=0.0pt
* \voffset=0.0pt
* \mag=1000
* \@twocolumnfalse
* \@twosidefalse
* \@mparswitchfalse
* \@reversemarginfalse
* (1in=72.27pt=25.4mm, 1cm=28.453pt)

\c@definition=\count321
LaTeX Font Info:    Font shape `T5/ptm/bx/n' in size <12> not available
(Font)              Font shape `T5/ptm/b/n' tried instead on input line 57.
<./images/logo.jpg, id=1, 401.5pt x 592.2125pt>
File: ./images/logo.jpg Graphic file (type jpg)
<use ./images/logo.jpg>
Package pdftex.def Info: ./images/logo.jpg  used on input line 58.
(pdftex.def)             Requested size: 85.35826pt x 125.90448pt.
LaTeX Font Info:    Font shape `T5/ptm/bx/n' in size <25> not available
(Font)              Font shape `T5/ptm/b/n' tried instead on input line 61.
LaTeX Font Info:    Font shape `T5/ptm/bx/n' in size <20> not available
(Font)              Font shape `T5/ptm/b/n' tried instead on input line 62.
LaTeX Font Info:    Font shape `T5/ptm/bx/n' in size <14> not available
(Font)              Font shape `T5/ptm/b/n' tried instead on input line 63.
LaTeX Font Info:    Try loading font information for OT1+ztmcm on input line 69
.
(/usr/local/texlive/2019/texmf-dist/tex/latex/psnfss/ot1ztmcm.fd
File: ot1ztmcm.fd 2000/01/03 Fontinst v1.801 font definitions for OT1/ztmcm.
)
LaTeX Font Info:    Try loading font information for OML+ztmcm on input line 69
.

(/usr/local/texlive/2019/texmf-dist/tex/latex/psnfss/omlztmcm.fd
File: omlztmcm.fd 2000/01/03 Fontinst v1.801 font definitions for OML/ztmcm.
)
LaTeX Font Info:    Try loading font information for OMS+ztmcm on input line 69
.

(/usr/local/texlive/2019/texmf-dist/tex/latex/psnfss/omsztmcm.fd
File: omsztmcm.fd 2000/01/03 Fontinst v1.801 font definitions for OMS/ztmcm.
)
LaTeX Font Info:    Try loading font information for OMX+ztmcm on input line 69
.

(/usr/local/texlive/2019/texmf-dist/tex/latex/psnfss/omxztmcm.fd
File: omxztmcm.fd 2000/01/03 Fontinst v1.801 font definitions for OMX/ztmcm.
)
LaTeX Font Info:    Try loading font information for OT1+ptm on input line 69.

(/usr/local/texlive/2019/texmf-dist/tex/latex/psnfss/ot1ptm.fd
File: ot1ptm.fd 2001/06/04 font definitions for OT1/ptm.
)
LaTeX Font Info:    Font shape `OT1/ptm/bx/n' in size <12> not available
(Font)              Font shape `OT1/ptm/b/n' tried instead on input line 69.
LaTeX Font Info:    Font shape `OT1/ptm/bx/n' in size <9> not available
(Font)              Font shape `OT1/ptm/b/n' tried instead on input line 69.
LaTeX Font Info:    Font shape `OT1/ptm/bx/n' in size <7> not available
(Font)              Font shape `OT1/ptm/b/n' tried instead on input line 69.
 [1

{/usr/local/texlive/2019/texmf-var/fonts/map/pdftex/updmap/pdftex.map} <./image
s/logo.jpg>]
LaTeX Font Info:    Font shape `T5/ptm/bx/n' in size <24.88> not available
(Font)              Font shape `T5/ptm/b/n' tried instead on input line 83.
LaTeX Font Info:    Font shape `T5/ptm/bx/n' in size <17.28> not available
(Font)              Font shape `T5/ptm/b/n' tried instead on input line 84.
LaTeX Font Info:    Try loading font information for OMS+ptm on input line 88.

(/usr/local/texlive/2019/texmf-dist/tex/latex/psnfss/omsptm.fd
File: omsptm.fd 
)
LaTeX Font Info:    Font shape `OMS/ptm/m/n' in size <12> not available
(Font)              Font shape `OMS/cmsy/m/n' tried instead on input line 88.
 [2

]
Overfull \hbox (131.52141pt too wide) in paragraph at lines 114--129
[]\T5/ptm/m/n/12 C¡c ^^_· xu§t v  k¸t qu£ trong ^^_ç ¡n n y ^^_·u l  x¡c thüc v
  nguy¶n b£n. $[]$
 []

LaTeX Font Info:    Font shape `T5/ptm/bx/n' in size <14.4> not available
(Font)              Font shape `T5/ptm/b/n' tried instead on input line 129.

Overfull \hbox (2.28pt too wide) in paragraph at lines 130--146
[]$ [] 
 []

[3] [4

] [5

] [6]
Using TeX to sort glossary entries---this may take a while

Package glossaries Warning: Empty glossary for \printnoidxglossary[type={acrony
m}]. Rerun may be required (or you may have forgotten to use commands like \gls
) on input line 187.

[7

] (./main.lot)
\tf@lot=\write4
\openout4 = `main.lot'.

 [8

] (./main.lof [9

])
\tf@lof=\write5
\openout5 = `main.lof'.

 [10] (./main.toc [11

])
\tf@toc=\write6
\openout6 = `main.toc'.

 [12]
Ch\uhorn \ohorn ng 1.
[1

]
<images/wsn_types.png, id=50, 853.1875pt x 359.3425pt>
File: images/wsn_types.png Graphic file (type png)
<use images/wsn_types.png>
Package pdftex.def Info: images/wsn_types.png  used on input line 227.
(pdftex.def)             Requested size: 341.43437pt x 143.80573pt.
LaTeX Font Info:    Font shape `T5/ptm/bx/n' in size <10> not available
(Font)              Font shape `T5/ptm/b/n' tried instead on input line 228.
 [2]
<images/wsn_nodes.png, id=54, 297.0297pt x 203.0787pt>
File: images/wsn_nodes.png Graphic file (type png)
<use images/wsn_nodes.png>
Package pdftex.def Info: images/wsn_nodes.png  used on input line 247.
(pdftex.def)             Requested size: 284.55153pt x 227.62012pt.
 [3 <./images/wsn_types.png>]
<images/wsn_topology.png, id=60, 665.6067pt x 412.6617pt>
File: images/wsn_topology.png Graphic file (type png)
<use images/wsn_topology.png>
Package pdftex.def Info: images/wsn_topology.png  used on input line 269.
(pdftex.def)             Requested size: 341.43541pt x 227.61948pt.
 [4 <./images/wsn_nodes.png>] [5 <./images/wsn_topology.png>] [6]
<images/undirected_graph.png, id=72, 405.4347pt x 138.0357pt>
File: images/undirected_graph.png Graphic file (type png)
<use images/undirected_graph.png>
Package pdftex.def Info: images/undirected_graph.png  used on input line 305.
(pdftex.def)             Requested size: 341.45366pt x 142.26682pt.
 [7 <./images/undirected_graph.png>] [8] [9]
<images/tree.jpg, id=86, 936.49875pt x 906.38625pt>
File: images/tree.jpg Graphic file (type jpg)
<use images/tree.jpg>
Package pdftex.def Info: images/tree.jpg  used on input line 402.
(pdftex.def)             Requested size: 142.25497pt x 142.2587pt.
 [10 <./images/tree.jpg>] [11]
Ch\uhorn \ohorn ng 2.
[12

]

Package Fancyhdr Warning: \headheight is too small (17.0pt): 
Make it at least 31.12602pt.
We now make it that large for the rest of the document.
This may cause the page layout to be inconsistent, however.

[13] [14] [15] [16] [17]
Ch\uhorn \ohorn ng 3.
[18

]
<images/graph.png, id=120, 158.39175pt x 129.48375pt>
File: images/graph.png Graphic file (type png)
<use images/graph.png>
Package pdftex.def Info: images/graph.png  used on input line 595.
(pdftex.def)             Requested size: 204.8627pt x 167.47333pt.
<images/diagram-note.png, id=121, 123.5817pt x 94.6737pt>
File: images/diagram-note.png Graphic file (type png)
<use images/diagram-note.png>
Package pdftex.def Info: images/diagram-note.png  used on input line 600.
(pdftex.def)             Requested size: 102.42809pt x 78.46935pt.

Overfull \hbox (17.07112pt too wide) in paragraph at lines 600--602
 [][] 
 []


Package Fancyhdr Warning: \headheight is too small (31.12602pt): 
Make it at least 45.62602pt.
We now make it that large for the rest of the document.
This may cause the page layout to be inconsistent, however.

[19 <./images/graph.png> <./images/diagram-note.png>]
<images/crossover.png, id=127, 378.81525pt x 130.086pt>
File: images/crossover.png Graphic file (type png)
<use images/crossover.png>
Package pdftex.def Info: images/crossover.png  used on input line 625.
(pdftex.def)             Requested size: 378.81432pt x 130.08566pt.
 [20 <./images/crossover.png>]
<images/mutation.png, id=131, 445.665pt x 165.0165pt>
File: images/mutation.png Graphic file (type png)
<use images/mutation.png>
Package pdftex.def Info: images/mutation.png  used on input line 637.
(pdftex.def)             Requested size: 445.66391pt x 165.01607pt.

Overfull \hbox (18.87256pt too wide) in paragraph at lines 637--638
 [][] 
 []

[21 <./images/mutation.png>] [22] [23] [24]

LaTeX Warning: Reference `lu2014construction' on page 25 undefined on input lin
e 780.

[25]
Ch\uhorn \ohorn ng 4.
[26

]
<images/medium_gamma.png, id=151, 429.7656pt x 230.7822pt>
File: images/medium_gamma.png Graphic file (type png)
<use images/medium_gamma.png>
Package pdftex.def Info: images/medium_gamma.png  used on input line 872.
(pdftex.def)             Requested size: 298.75264pt x 160.43365pt.
<images/medium_normal.png, id=152, 429.7656pt x 230.3004pt>
File: images/medium_normal.png Graphic file (type png)
<use images/medium_normal.png>
Package pdftex.def Info: images/medium_normal.png  used on input line 878.
(pdftex.def)             Requested size: 298.75264pt x 160.09872pt.
<images/medium_uniform.png, id=153, 429.7656pt x 230.3004pt>
File: images/medium_uniform.png Graphic file (type png)
<use images/medium_uniform.png>
Package pdftex.def Info: images/medium_uniform.png  used on input line 884.
(pdftex.def)             Requested size: 298.75264pt x 160.09872pt.
 [27 <./images/medium_gamma.png> <./images/medium_normal.png>] [28 <./images/me
dium_uniform.png>]
<images/ga-dem1.png, id=163, 702.625pt x 451.6875pt>
File: images/ga-dem1.png Graphic file (type png)
<use images/ga-dem1.png>
Package pdftex.def Info: images/ga-dem1.png  used on input line 969.
(pdftex.def)             Requested size: 256.07416pt x 164.61989pt.

Overfull \hbox (42.67848pt too wide) in paragraph at lines 969--970
 [][] 
 []

<images/ga-dem2.png, id=164, 702.625pt x 451.6875pt>
File: images/ga-dem2.png Graphic file (type png)
<use images/ga-dem2.png>
Package pdftex.def Info: images/ga-dem2.png  used on input line 974.
(pdftex.def)             Requested size: 256.07416pt x 164.61989pt.

Overfull \hbox (42.67848pt too wide) in paragraph at lines 974--975
 [][] 
 []

[29]
<images/ga-dem3.png, id=168, 702.625pt x 451.6875pt>
File: images/ga-dem3.png Graphic file (type png)
<use images/ga-dem3.png>
Package pdftex.def Info: images/ga-dem3.png  used on input line 982.
(pdftex.def)             Requested size: 256.07416pt x 164.61989pt.

Overfull \hbox (42.67848pt too wide) in paragraph at lines 982--983
 [][] 
 []

<images/ga-dem4.png, id=169, 702.625pt x 451.6875pt>
File: images/ga-dem4.png Graphic file (type png)
<use images/ga-dem4.png>
Package pdftex.def Info: images/ga-dem4.png  used on input line 987.
(pdftex.def)             Requested size: 256.07416pt x 164.61989pt.

Overfull \hbox (42.67848pt too wide) in paragraph at lines 987--988
 [][] 
 []

<images/ga-dem5.png, id=170, 702.625pt x 451.6875pt>
File: images/ga-dem5.png Graphic file (type png)
<use images/ga-dem5.png>
Package pdftex.def Info: images/ga-dem5.png  used on input line 995.
(pdftex.def)             Requested size: 256.07416pt x 164.61989pt.

Overfull \hbox (42.67848pt too wide) in paragraph at lines 995--996
 [][] 
 []

<images/ga-dem6.png, id=171, 702.625pt x 451.6875pt>
File: images/ga-dem6.png Graphic file (type png)
<use images/ga-dem6.png>
Package pdftex.def Info: images/ga-dem6.png  used on input line 1000.
(pdftex.def)             Requested size: 256.07416pt x 164.61989pt.

Overfull \hbox (42.67848pt too wide) in paragraph at lines 1000--1001
 [][] 
 []

<images/ga-dem7.png, id=172, 702.625pt x 451.6875pt>
File: images/ga-dem7.png Graphic file (type png)
<use images/ga-dem7.png>
Package pdftex.def Info: images/ga-dem7.png  used on input line 1008.
(pdftex.def)             Requested size: 256.07416pt x 164.61989pt.

Overfull \hbox (42.67848pt too wide) in paragraph at lines 1008--1009
 [][] 
 []

<images/ga-dem8.png, id=173, 702.625pt x 451.6875pt>
File: images/ga-dem8.png Graphic file (type png)
<use images/ga-dem8.png>
Package pdftex.def Info: images/ga-dem8.png  used on input line 1013.
(pdftex.def)             Requested size: 256.07416pt x 164.61989pt.

Overfull \hbox (42.67848pt too wide) in paragraph at lines 1013--1014
 [][] 
 []

[30 <./images/ga-dem1.png> <./images/ga-dem2.png> <./images/ga-dem3.png> <./ima
ges/ga-dem4.png> <./images/ga-dem5.png> <./images/ga-dem6.png>]
<images/ga-dem9.png, id=183, 702.625pt x 451.6875pt>
File: images/ga-dem9.png Graphic file (type png)
<use images/ga-dem9.png>
Package pdftex.def Info: images/ga-dem9.png  used on input line 1021.
(pdftex.def)             Requested size: 256.07416pt x 164.61989pt.

Overfull \hbox (42.67848pt too wide) in paragraph at lines 1021--1022
 [][] 
 []

<images/ga-dem10.png, id=184, 702.625pt x 451.6875pt>
File: images/ga-dem10.png Graphic file (type png)
<use images/ga-dem10.png>
Package pdftex.def Info: images/ga-dem10.png  used on input line 1026.
(pdftex.def)             Requested size: 256.07416pt x 164.61989pt.

Overfull \hbox (42.67848pt too wide) in paragraph at lines 1026--1027
 [][] 
 []

<images/no-dem1.png, id=185, 702.625pt x 451.6875pt>
File: images/no-dem1.png Graphic file (type png)
<use images/no-dem1.png>
Package pdftex.def Info: images/no-dem1.png  used on input line 1035.
(pdftex.def)             Requested size: 256.07416pt x 164.61989pt.

Overfull \hbox (42.67848pt too wide) in paragraph at lines 1035--1036
 [][] 
 []

<images/no-dem2.png, id=186, 702.625pt x 451.6875pt>
File: images/no-dem2.png Graphic file (type png)
<use images/no-dem2.png>
Package pdftex.def Info: images/no-dem2.png  used on input line 1040.
(pdftex.def)             Requested size: 256.07416pt x 164.61989pt.

Overfull \hbox (42.67848pt too wide) in paragraph at lines 1040--1041
 [][] 
 []

<images/no-dem3.png, id=187, 702.625pt x 451.6875pt>
File: images/no-dem3.png Graphic file (type png)
<use images/no-dem3.png>
Package pdftex.def Info: images/no-dem3.png  used on input line 1048.
(pdftex.def)             Requested size: 256.07416pt x 164.61989pt.

Overfull \hbox (42.67848pt too wide) in paragraph at lines 1048--1049
 [][] 
 []

<images/no-dem4.png, id=188, 702.625pt x 451.6875pt>
File: images/no-dem4.png Graphic file (type png)
<use images/no-dem4.png>
Package pdftex.def Info: images/no-dem4.png  used on input line 1053.
(pdftex.def)             Requested size: 256.07416pt x 164.61989pt.

Overfull \hbox (42.67848pt too wide) in paragraph at lines 1053--1054
 [][] 
 []

[31 <./images/ga-dem7.png> <./images/ga-dem8.png> <./images/ga-dem9.png> <./ima
ges/ga-dem10.png> <./images/no-dem1.png> <./images/no-dem2.png>]
<images/no-dem5.png, id=199, 702.625pt x 451.6875pt>
File: images/no-dem5.png Graphic file (type png)
<use images/no-dem5.png>
Package pdftex.def Info: images/no-dem5.png  used on input line 1061.
(pdftex.def)             Requested size: 256.07416pt x 164.61989pt.

Overfull \hbox (42.67848pt too wide) in paragraph at lines 1061--1062
 [][] 
 []

<images/no-dem6.png, id=200, 702.625pt x 451.6875pt>
File: images/no-dem6.png Graphic file (type png)
<use images/no-dem6.png>
Package pdftex.def Info: images/no-dem6.png  used on input line 1066.
(pdftex.def)             Requested size: 256.07416pt x 164.61989pt.

Overfull \hbox (42.67848pt too wide) in paragraph at lines 1066--1067
 [][] 
 []

<images/no-dem7.png, id=201, 702.625pt x 451.6875pt>
File: images/no-dem7.png Graphic file (type png)
<use images/no-dem7.png>
Package pdftex.def Info: images/no-dem7.png  used on input line 1074.
(pdftex.def)             Requested size: 256.07416pt x 164.61989pt.

Overfull \hbox (42.67848pt too wide) in paragraph at lines 1074--1075
 [][] 
 []

<images/no-dem8.png, id=202, 702.625pt x 451.6875pt>
File: images/no-dem8.png Graphic file (type png)
<use images/no-dem8.png>
Package pdftex.def Info: images/no-dem8.png  used on input line 1079.
(pdftex.def)             Requested size: 256.07416pt x 164.61989pt.

Overfull \hbox (42.67848pt too wide) in paragraph at lines 1079--1080
 [][] 
 []

<images/no-dem9.png, id=203, 702.625pt x 451.6875pt>
File: images/no-dem9.png Graphic file (type png)
<use images/no-dem9.png>
Package pdftex.def Info: images/no-dem9.png  used on input line 1087.
(pdftex.def)             Requested size: 256.07416pt x 164.61989pt.

Overfull \hbox (42.67848pt too wide) in paragraph at lines 1087--1088
 [][] 
 []

<images/no-dem10.png, id=204, 702.625pt x 451.6875pt>
File: images/no-dem10.png Graphic file (type png)
<use images/no-dem10.png>
Package pdftex.def Info: images/no-dem10.png  used on input line 1092.
(pdftex.def)             Requested size: 256.07416pt x 164.61989pt.

Overfull \hbox (42.67848pt too wide) in paragraph at lines 1092--1093
 [][] 
 []

[32 <./images/no-dem3.png> <./images/no-dem4.png> <./images/no-dem5.png> <./ima
ges/no-dem6.png> <./images/no-dem7.png> <./images/no-dem8.png>]
<images/uu-dem1.png, id=214, 702.625pt x 451.6875pt>
File: images/uu-dem1.png Graphic file (type png)
<use images/uu-dem1.png>
Package pdftex.def Info: images/uu-dem1.png  used on input line 1101.
(pdftex.def)             Requested size: 256.07416pt x 164.61989pt.

Overfull \hbox (42.67848pt too wide) in paragraph at lines 1101--1102
 [][] 
 []

<images/uu-dem2.png, id=215, 702.625pt x 451.6875pt>
File: images/uu-dem2.png Graphic file (type png)
<use images/uu-dem2.png>
Package pdftex.def Info: images/uu-dem2.png  used on input line 1106.
(pdftex.def)             Requested size: 256.07416pt x 164.61989pt.

Overfull \hbox (42.67848pt too wide) in paragraph at lines 1106--1107
 [][] 
 []

<images/uu-dem3.png, id=216, 702.625pt x 451.6875pt>
File: images/uu-dem3.png Graphic file (type png)
<use images/uu-dem3.png>
Package pdftex.def Info: images/uu-dem3.png  used on input line 1114.
(pdftex.def)             Requested size: 256.07416pt x 164.61989pt.

Overfull \hbox (42.67848pt too wide) in paragraph at lines 1114--1115
 [][] 
 []

<images/uu-dem4.png, id=217, 702.625pt x 451.6875pt>
File: images/uu-dem4.png Graphic file (type png)
<use images/uu-dem4.png>
Package pdftex.def Info: images/uu-dem4.png  used on input line 1119.
(pdftex.def)             Requested size: 256.07416pt x 164.61989pt.

Overfull \hbox (42.67848pt too wide) in paragraph at lines 1119--1120
 [][] 
 []

<images/uu-dem5.png, id=218, 702.625pt x 451.6875pt>
File: images/uu-dem5.png Graphic file (type png)
<use images/uu-dem5.png>
Package pdftex.def Info: images/uu-dem5.png  used on input line 1127.
(pdftex.def)             Requested size: 256.07416pt x 164.61989pt.

Overfull \hbox (42.67848pt too wide) in paragraph at lines 1127--1128
 [][] 
 []

<images/uu-dem6.png, id=219, 702.625pt x 451.6875pt>
File: images/uu-dem6.png Graphic file (type png)
<use images/uu-dem6.png>
Package pdftex.def Info: images/uu-dem6.png  used on input line 1132.
(pdftex.def)             Requested size: 256.07416pt x 164.61989pt.

Overfull \hbox (42.67848pt too wide) in paragraph at lines 1132--1133
 [][] 
 []

[33 <./images/no-dem9.png> <./images/no-dem10.png> <./images/uu-dem1.png> <./im
ages/uu-dem2.png> <./images/uu-dem3.png> <./images/uu-dem4.png>]
<images/uu-dem7.png, id=229, 702.625pt x 451.6875pt>
File: images/uu-dem7.png Graphic file (type png)
<use images/uu-dem7.png>
Package pdftex.def Info: images/uu-dem7.png  used on input line 1140.
(pdftex.def)             Requested size: 256.07416pt x 164.61989pt.

Overfull \hbox (42.67848pt too wide) in paragraph at lines 1140--1141
 [][] 
 []

<images/uu-dem8.png, id=230, 702.625pt x 451.6875pt>
File: images/uu-dem8.png Graphic file (type png)
<use images/uu-dem8.png>
Package pdftex.def Info: images/uu-dem8.png  used on input line 1145.
(pdftex.def)             Requested size: 256.07416pt x 164.61989pt.

Overfull \hbox (42.67848pt too wide) in paragraph at lines 1145--1146
 [][] 
 []

<images/uu-dem9.png, id=231, 702.625pt x 451.6875pt>
File: images/uu-dem9.png Graphic file (type png)
<use images/uu-dem9.png>
Package pdftex.def Info: images/uu-dem9.png  used on input line 1153.
(pdftex.def)             Requested size: 256.07416pt x 164.61989pt.

Overfull \hbox (42.67848pt too wide) in paragraph at lines 1153--1154
 [][] 
 []

<images/uu-dem10.png, id=232, 702.625pt x 451.6875pt>
File: images/uu-dem10.png Graphic file (type png)
<use images/uu-dem10.png>
Package pdftex.def Info: images/uu-dem10.png  used on input line 1158.
(pdftex.def)             Requested size: 256.07416pt x 164.61989pt.

Overfull \hbox (42.67848pt too wide) in paragraph at lines 1158--1159
 [][] 
 []

[34 <./images/uu-dem5.png> <./images/uu-dem6.png> <./images/uu-dem7.png> <./ima
ges/uu-dem8.png> <./images/uu-dem9.png> <./images/uu-dem10.png>] (./main.bbl
[35

]
Underfull \hbox (badness 1748) in paragraph at lines 61--66
[]\T5/ptm/m/n/12 Wendi Ra-biner Heinzel-man, Anan-tha Chan-drakasan, and Hari B
al-akr-ish-nan.
 []

[36

] [37]) [38] (./main.aux)

LaTeX Warning: There were undefined references.


LaTeX Warning: There were multiply-defined labels.

 ) 
Here is how much of TeX's memory you used:
 20823 strings out of 492616
 358137 string characters out of 6129481
 553282 words of memory out of 5000000
 24369 multiletter control sequences out of 15000+600000
 613003 words of font info for 105 fonts, out of 8000000 for 9000
 1141 hyphenation exceptions out of 8191
 53i,12n,92p,1990b,497s stack positions out of 5000i,500n,10000p,200000b,80000s
{/usr/local/texlive/2019/texmf-dist/fonts/enc/dvips/base/8r.enc}{/usr/local/t
exlive/2019/texmf-dist/fonts/enc/dvips/vntex/t5.enc}</usr/local/texlive/2019/te
xmf-dist/fonts/type1/public/amsfonts/cm/cmex10.pfb></usr/local/texlive/2019/tex
mf-dist/fonts/type1/public/amsfonts/cm/cmmi10.pfb></usr/local/texlive/2019/texm
f-dist/fonts/type1/public/amsfonts/cm/cmr10.pfb></usr/local/texlive/2019/texmf-
dist/fonts/type1/public/amsfonts/cm/cmsy10.pfb></usr/local/texlive/2019/texmf-d
ist/fonts/type1/urw/symbol/usyr.pfb></usr/local/texlive/2019/texmf-dist/fonts/t
ype1/urw/symbol/usyr.pfb></usr/local/texlive/2019/texmf-dist/fonts/type1/vntex/
urwvn/utmb8v.pfb></usr/local/texlive/2019/texmf-dist/fonts/type1/urw/times/utmr
8a.pfb></usr/local/texlive/2019/texmf-dist/fonts/type1/vntex/urwvn/utmr8v.pfb><
/usr/local/texlive/2019/texmf-dist/fonts/type1/urw/times/utmri8a.pfb></usr/loca
l/texlive/2019/texmf-dist/fonts/type1/vntex/urwvn/utmri8v.pfb></usr/local/texli
ve/2019/texmf-dist/fonts/type1/vntex/vnr/vnr17.pfb>
Output written on main.pdf (50 pages, 1328084 bytes).
PDF statistics:
 299 PDF objects out of 1000 (max. 8388607)
 152 compressed objects within 2 object streams
 0 named destinations out of 1000 (max. 500000)
 216 words of extra memory for PDF output out of 10000 (max. 10000000)

